ERC report (2026-06-16T09:05:40, Encoding UTF8)
Report includes: Errors, Warnings

***** Sheet /
[pin_not_connected]: Pin not connected
    ; error
    @(113.03 mm, 111.76 mm): Symbol J1 Pin 2 [Pin_2, Passive, Line]
[pin_not_connected]: Pin not connected
    ; error
    @(113.03 mm, 114.30 mm): Symbol J1 Pin 1 [Pin_1, Passive, Line]
[pin_not_connected]: Pin not connected
    ; error
    @(115.57 mm, 74.93 mm): Symbol Y1 Pin 2 [2, Passive, Line]
[pin_not_connected]: Pin not connected
    ; error
    @(115.57 mm, 82.55 mm): Symbol Y1 Pin 1 [1, Passive, Line]
[label_dangling]: Label not connected
    ; error
    @(119.38 mm, 113.03 mm): Label 'USART_TXD'
[label_dangling]: Label not connected
    ; error
    @(119.38 mm, 115.57 mm): Label 'USART_RXD'
[pin_not_connected]: Pin not connected
    ; error
    @(137.16 mm, 73.66 mm): Symbol U1 Pin 32 [AREF, Passive, Line]
[power_pin_not_driven]: Input Power pin not driven by any Output Power pins
    ; error
    @(152.40 mm, 38.10 mm): Symbol #PWR01 Hidden pin 1 [VCC, Power input, Line]
[pin_not_connected]: Pin not connected
    ; error
    @(152.40 mm, 50.80 mm): Symbol U1 Pin 10 [VCC, Power input, Line]
[power_pin_not_driven]: Input Power pin not driven by any Output Power pins
    ; error
    @(152.40 mm, 50.80 mm): Symbol U1 Pin 10 [VCC, Power input, Line]
[pin_not_connected]: Pin not connected
    ; error
    @(152.40 mm, 152.40 mm): Symbol U1 Pin 11 [GND, Power input, Line]
[power_pin_not_driven]: Input Power pin not driven by any Output Power pins
    ; error
    @(152.40 mm, 152.40 mm): Symbol U1 Pin 11 [GND, Power input, Line]
[power_pin_not_driven]: Input Power pin not driven by any Output Power pins
    ; error
    @(152.40 mm, 157.48 mm): Symbol #PWR06 Hidden pin 1 [GND, Power input, Line]
[power_pin_not_driven]: Input Power pin not driven by any Output Power pins
    ; error
    @(154.94 mm, 50.80 mm): Symbol U1 Pin 30 [AVCC, Power input, Line]
[pin_not_connected]: Pin not connected
    ; error
    @(157.48 mm, 52.07 mm): Symbol C3 Pin 2 [Passive, Line]
[pin_not_connected]: Pin not connected
    ; error
    @(165.10 mm, 52.07 mm): Symbol C4 Pin 2 [Passive, Line]
[pin_not_connected]: Pin not connected
    ; error
    @(167.64 mm, 66.04 mm): Symbol U1 Pin 37 [PA3, Bidirectional, Line]
[pin_not_connected]: Pin not connected
    ; error
    @(167.64 mm, 68.58 mm): Symbol U1 Pin 36 [PA4, Bidirectional, Line]
[pin_not_connected]: Pin not connected
    ; error
    @(167.64 mm, 71.12 mm): Symbol U1 Pin 35 [PA5, Bidirectional, Line]
[pin_not_connected]: Pin not connected
    ; error
    @(167.64 mm, 73.66 mm): Symbol U1 Pin 34 [PA6, Bidirectional, Line]
[pin_not_connected]: Pin not connected
    ; error
    @(167.64 mm, 76.20 mm): Symbol U1 Pin 33 [PA7, Bidirectional, Line]
[pin_not_connected]: Pin not connected
    ; error
    @(167.64 mm, 86.36 mm): Symbol U1 Pin 3 [PB2, Bidirectional, Line]
[pin_not_connected]: Pin not connected
    ; error
    @(167.64 mm, 88.90 mm): Symbol U1 Pin 4 [PB3, Bidirectional, Line]
[pin_not_connected]: Pin not connected
    ; error
    @(167.64 mm, 91.44 mm): Symbol U1 Pin 5 [PB4, Bidirectional, Line]
[pin_not_connected]: Pin not connected
    ; error
    @(167.64 mm, 104.14 mm): Symbol U1 Pin 22 [PC0, Bidirectional, Line]
[pin_not_connected]: Pin not connected
    ; error
    @(167.64 mm, 106.68 mm): Symbol U1 Pin 23 [PC1, Bidirectional, Line]
[pin_not_connected]: Pin not connected
    ; error
    @(167.64 mm, 109.22 mm): Symbol U1 Pin 24 [PC2, Bidirectional, Line]
[pin_not_connected]: Pin not connected
    ; error
    @(167.64 mm, 111.76 mm): Symbol U1 Pin 25 [PC3, Bidirectional, Line]
[pin_not_connected]: Pin not connected
    ; error
    @(167.64 mm, 114.30 mm): Symbol U1 Pin 26 [PC4, Bidirectional, Line]
[pin_not_connected]: Pin not connected
    ; error
    @(167.64 mm, 116.84 mm): Symbol U1 Pin 27 [PC5, Bidirectional, Line]
[pin_not_connected]: Pin not connected
    ; error
    @(167.64 mm, 119.38 mm): Symbol U1 Pin 28 [PC6, Bidirectional, Line]
[pin_not_connected]: Pin not connected
    ; error
    @(167.64 mm, 121.92 mm): Symbol U1 Pin 29 [PC7, Bidirectional, Line]
[pin_not_connected]: Pin not connected
    ; error
    @(167.64 mm, 132.08 mm): Symbol U1 Pin 16 [PD2, Bidirectional, Line]
[pin_not_connected]: Pin not connected
    ; error
    @(167.64 mm, 134.62 mm): Symbol U1 Pin 17 [PD3, Bidirectional, Line]
[pin_not_connected]: Pin not connected
    ; error
    @(167.64 mm, 137.16 mm): Symbol U1 Pin 18 [PD4, Bidirectional, Line]
[pin_not_connected]: Pin not connected
    ; error
    @(167.64 mm, 139.70 mm): Symbol U1 Pin 19 [PD5, Bidirectional, Line]
[pin_not_connected]: Pin not connected
    ; error
    @(167.64 mm, 142.24 mm): Symbol U1 Pin 20 [PD6, Bidirectional, Line]
[pin_not_connected]: Pin not connected
    ; error
    @(167.64 mm, 144.78 mm): Symbol U1 Pin 21 [PD7, Bidirectional, Line]
[label_dangling]: Label not connected
    ; error
    @(177.80 mm, 78.74 mm): Label 'LED_STATUS'
[label_dangling]: Label not connected
    ; error
    @(177.80 mm, 134.62 mm): Label 'CLOCK_RESET'
[label_dangling]: Label not connected
    ; error
    @(177.80 mm, 137.16 mm): Label 'INC_BTN'
[label_dangling]: Label not connected
    ; error
    @(177.80 mm, 139.70 mm): Label 'SET_BTN'
[endpoint_off_grid]: Symbol pin or wire end off connection grid
    ; warning
    @(83.82 mm, 80.01 mm): Horizontal Wire, length 3.82 mm
[endpoint_off_grid]: Symbol pin or wire end off connection grid
    ; warning
    @(96.52 mm, 80.01 mm): Horizontal Wire, length 1.48 mm
[endpoint_off_grid]: Symbol pin or wire end off connection grid
    ; warning
    @(96.52 mm, 85.09 mm): Horizontal Wire, length 1.48 mm
[unconnected_wire_endpoint]: Unconnected wire endpoint
    ; warning
    @(115.57 mm, 74.93 mm): Vertical Wire, length 11.43 mm
[unconnected_wire_endpoint]: Unconnected wire endpoint
    ; warning
    @(115.57 mm, 82.55 mm): Vertical Wire, length 13.97 mm
[unconnected_wire_endpoint]: Unconnected wire endpoint
    ; warning
    @(113.03 mm, 111.76 mm): Horizontal Wire, length 6.35 mm
[unconnected_wire_endpoint]: Unconnected wire endpoint
    ; warning
    @(113.03 mm, 114.30 mm): Horizontal Wire, length 6.35 mm
[unconnected_wire_endpoint]: Unconnected wire endpoint
    ; warning
    @(121.92 mm, 63.50 mm): Vertical Wire, length 5.08 mm
[endpoint_off_grid]: Symbol pin or wire end off connection grid
    ; warning
    @(137.16 mm, 58.42 mm): Horizontal Wire, length 2.16 mm
[unconnected_wire_endpoint]: Unconnected wire endpoint
    ; warning
    @(152.40 mm, 38.10 mm): Vertical Wire, length 13.97 mm
[lib_symbol_mismatch]: Symbol 'ATmega32A-P' doesn't match copy in library 'MCU_Microchip_ATmega'
    ; warning
    @(152.40 mm, 101.60 mm): Symbol U1 [ATmega32A-P]
[unconnected_wire_endpoint]: Unconnected wire endpoint
    ; warning
    @(152.40 mm, 149.86 mm): Vertical Wire, length 7.62 mm
[unconnected_wire_endpoint]: Unconnected wire endpoint
    ; warning
    @(157.48 mm, 38.10 mm): Vertical Wire, length 1.90 mm
[endpoint_off_grid]: Symbol pin or wire end off connection grid
    ; warning
    @(157.48 mm, 44.45 mm): Vertical Wire, length 4.45 mm
[endpoint_off_grid]: Symbol pin or wire end off connection grid
    ; warning
    @(157.48 mm, 38.10 mm): Vertical Wire, length 1.90 mm
[endpoint_off_grid]: Symbol pin or wire end off connection grid
    ; warning
    @(157.48 mm, 52.07 mm): Vertical Wire, length 2.93 mm
[endpoint_off_grid]: Symbol pin or wire end off connection grid
    ; warning
    @(157.48 mm, 55.00 mm): Vertical Wire, length 2.00 mm
[unconnected_wire_endpoint]: Unconnected wire endpoint
    ; warning
    @(157.48 mm, 55.00 mm): Vertical Wire, length 2.00 mm
[endpoint_off_grid]: Symbol pin or wire end off connection grid
    ; warning
    @(165.10 mm, 44.45 mm): Vertical Wire, length 4.45 mm
[endpoint_off_grid]: Symbol pin or wire end off connection grid
    ; warning
    @(165.10 mm, 38.10 mm): Vertical Wire, length 1.90 mm
[endpoint_off_grid]: Symbol pin or wire end off connection grid
    ; warning
    @(165.10 mm, 52.07 mm): Vertical Wire, length 2.93 mm
[endpoint_off_grid]: Symbol pin or wire end off connection grid
    ; warning
    @(165.10 mm, 55.00 mm): Vertical Wire, length 2.00 mm
[unconnected_wire_endpoint]: Unconnected wire endpoint
    ; warning
    @(165.10 mm, 55.00 mm): Vertical Wire, length 2.00 mm
[multiple_net_names]: Both LED_STATUS and LED_TASK are attached to the same items; LED_STATUS will be used in the netlist
    ; warning
    @(177.80 mm, 78.74 mm): Label 'LED_STATUS'
    @(177.80 mm, 81.28 mm): Label 'LED_TASK'
[endpoint_off_grid]: Symbol pin or wire end off connection grid
    ; warning
    @(195.58 mm, 125.73 mm): Horizontal Wire, length 3.58 mm
[unconnected_wire_endpoint]: Unconnected wire endpoint
    ; warning
    @(195.58 mm, 72.39 mm): Vertical Wire, length 3.81 mm
[endpoint_off_grid]: Symbol pin or wire end off connection grid
    ; warning
    @(195.58 mm, 72.39 mm): Vertical Wire, length 2.39 mm
[endpoint_off_grid]: Symbol pin or wire end off connection grid
    ; warning
    @(208.28 mm, 125.73 mm): Horizontal Wire, length 3.28 mm
[unconnected_wire_endpoint]: Unconnected wire endpoint
    ; warning
    @(208.28 mm, 72.39 mm): Vertical Wire, length 3.81 mm
[endpoint_off_grid]: Symbol pin or wire end off connection grid
    ; warning
    @(208.28 mm, 72.39 mm): Vertical Wire, length 2.39 mm
[endpoint_off_grid]: Symbol pin or wire end off connection grid
    ; warning
    @(220.98 mm, 125.73 mm): Horizontal Wire, length 3.98 mm

 ** ERC messages: 73  Errors 42  Warnings 31

 ** Ignored checks:
    - Global label only appears once in the schematic
    - Four connection points are joined together
    - SPICE model issue
    - Assigned footprint doesn't match footprint filters
